  GameTechRenderer.cpp
  Main.cpp
<<<<<<< HEAD
H:\Git\Group-Project\Advanced-Game-Technologies-David\CSC8503\GameTech\Main.cpp(170,28): warning C4244:  '=': conversion from 'int' to 'float', possible loss of data
H:\Git\Group-Project\Advanced-Game-Technologies-David\CSC8503\GameTech\Main.cpp(255,29): warning C4244:  '=': conversion from 'int' to 'float', possible loss of data
  TutorialGame.cpp
H:\Git\Group-Project\Advanced-Game-Technologies-David\CSC8503\GameTech\Main.cpp(277,12): warning C4244:  'argument': conversion from 'time_t' to 'unsigned int', possible loss of data
H:\Git\Group-Project\Advanced-Game-Technologies-David\CSC8503\GameTech\TutorialGame.cpp(228,87): warning C4305:  'argument': truncation from 'double' to 'float'
H:\Git\Group-Project\Advanced-Game-Technologies-David\CSC8503\GameTech\TutorialGame.cpp(231,86): warning C4305:  'argument': truncation from 'double' to 'float'
H:\Git\Group-Project\Advanced-Game-Technologies-David\CSC8503\GameTech\TutorialGame.cpp(234,87): warning C4305:  'argument': truncation from 'double' to 'float'
H:\Git\Group-Project\Advanced-Game-Technologies-David\CSC8503\GameTech\TutorialGame.cpp(237,86): warning C4305:  'argument': truncation from 'double' to 'float'
H:\Git\Group-Project\Advanced-Game-Technologies-David\CSC8503\GameTech\TutorialGame.cpp(605,52): warning C4244:  'argument': conversion from 'float' to 'int', possible loss of data
H:\Git\Group-Project\Advanced-Game-Technologies-David\CSC8503\GameTech\TutorialGame.cpp(668,93): warning C4305:  'argument': truncation from 'double' to 'float'
H:\Git\Group-Project\Advanced-Game-Technologies-David\CSC8503\GameTech\TutorialGame.cpp(669,99): warning C4305:  'argument': truncation from 'double' to 'float'
H:\Git\Group-Project\Advanced-Game-Technologies-David\CSC8503\GameTech\TutorialGame.cpp(670,99): warning C4305:  'argument': truncation from 'double' to 'float'
H:\Git\Group-Project\Advanced-Game-Technologies-David\CSC8503\GameTech\TutorialGame.cpp(674,25): warning C4244:  'argument': conversion from 'int' to 'float', possible loss of data
H:\Git\Group-Project\Advanced-Game-Technologies-David\CSC8503\GameTech\TutorialGame.cpp(693,95): warning C4305:  'argument': truncation from 'double' to 'float'
H:\Git\Group-Project\Advanced-Game-Technologies-David\CSC8503\GameTech\TutorialGame.cpp(697,95): warning C4305:  'argument': truncation from 'double' to 'float'
H:\Git\Group-Project\Advanced-Game-Technologies-David\CSC8503\GameTech\TutorialGame.cpp(699,98): warning C4305:  'argument': truncation from 'double' to 'float'
H:\Git\Group-Project\Advanced-Game-Technologies-David\CSC8503\GameTech\TutorialGame.cpp(700,98): warning C4305:  'argument': truncation from 'double' to 'float'
H:\Git\Group-Project\Advanced-Game-Technologies-David\CSC8503\GameTech\TutorialGame.cpp(702,94): warning C4305:  'argument': truncation from 'double' to 'float'
H:\Git\Group-Project\Advanced-Game-Technologies-David\CSC8503\GameTech\TutorialGame.cpp(712,96): warning C4305:  'argument': truncation from 'double' to 'float'
H:\Git\Group-Project\Advanced-Game-Technologies-David\CSC8503\GameTech\TutorialGame.cpp(716,96): warning C4305:  'argument': truncation from 'double' to 'float'
H:\Git\Group-Project\Advanced-Game-Technologies-David\CSC8503\GameTech\TutorialGame.cpp(720,96): warning C4305:  'argument': truncation from 'double' to 'float'
H:\Git\Group-Project\Advanced-Game-Technologies-David\CSC8503\GameTech\TutorialGame.cpp(721,99): warning C4305:  'argument': truncation from 'double' to 'float'
H:\Git\Group-Project\Advanced-Game-Technologies-David\CSC8503\GameTech\TutorialGame.cpp(722,96): warning C4305:  'argument': truncation from 'double' to 'float'
H:\Git\Group-Project\Advanced-Game-Technologies-David\CSC8503\GameTech\TutorialGame.cpp(735,97): warning C4305:  'argument': truncation from 'double' to 'float'
H:\Git\Group-Project\Advanced-Game-Technologies-David\CSC8503\GameTech\TutorialGame.cpp(737,50): warning C4305:  'argument': truncation from 'double' to 'float'
H:\Git\Group-Project\Advanced-Game-Technologies-David\CSC8503\GameTech\TutorialGame.cpp(771,100): warning C4305:  'argument': truncation from 'double' to 'float'
H:\Git\Group-Project\Advanced-Game-Technologies-David\CSC8503\GameTech\TutorialGame.cpp(775,93): warning C4305:  'argument': truncation from 'double' to 'float'
H:\Git\Group-Project\Advanced-Game-Technologies-David\CSC8503\GameTech\TutorialGame.cpp(961,19): warning C4244:  'initializing': conversion from 'float' to 'int', possible loss of data
H:\Git\Group-Project\Advanced-Game-Technologies-David\CSC8503\GameTech\TutorialGame.cpp(962,19): warning C4244:  'initializing': conversion from 'float' to 'int', possible loss of data
  Generating Code...
H:\Git\Group-Project\Advanced-Game-Technologies-David\CSC8503\GameTech\TutorialGame.cpp(963,19): warning C4244:  'initializing': conversion from 'float' to 'int', possible loss of data
H:\Git\Group-Project\Advanced-Game-Technologies-David\CSC8503\GameTech\Main.cpp(195): warning C4715:  '<lambda_216c4f6ae390cfe65338d3e6f7d58fa0>::operator()': not all control paths return a value
  GameTech.vcxproj -> H:\Git\Group-Project\Advanced-Game-Technologies-David\x64\Debug\GameTech.exe
=======
C:\Users\c1022656\OneDrive - Newcastle University\Github\Team project\Group-Project\Advanced-Game-Technologies-David\Plugins\OpenGLRendering\OGLShader.h(11,10): error C1083:  Cannot open include file: 'glad\glad.h': No such file or directory
  StateGameObject.cpp
  TutorialGame.cpp
C:\Users\c1022656\OneDrive - Newcastle University\Github\Team project\Group-Project\Advanced-Game-Technologies-David\Plugins\OpenGLRendering\OGLShader.h(11,10): error C1083:  Cannot open include file: 'glad\glad.h': No such file or directory
  Generating Code...
C:\Users\c1022656\OneDrive - Newcastle University\Github\Team project\Group-Project\Advanced-Game-Technologies-David\Plugins\OpenGLRendering\OGLShader.h(11,10): error C1083:  Cannot open include file: 'glad\glad.h': No such file or directory
>>>>>>> GUI
