  VkTechRenderer.cpp
C:\Users\Chris\Documents\Projects\Group-Project\Advanced-Game-Technologies-David\Plugins\VulkanRendering\VulkanRenderer.h(27,10): fatal error C1083: Cannot open include file: 'vulkan/vulkan.hpp': No such file or directory
  GameTechRenderer.cpp
C:\Users\Chris\Documents\Projects\Group-Project\Advanced-Game-Technologies-David\CSC8503\CSC8503Common\CollisionDetection.h(44,1): warning C4293: '<<': shift count negative or too big, undefined behavior
C:\Users\Chris\Documents\Projects\Group-Project\Advanced-Game-Technologies-David\CSC8503\CSC8503Common\CollisionDetection.h(45,1): warning C4293: '<<': shift count negative or too big, undefined behavior
  Main.cpp
C:\Users\Chris\Documents\Projects\Group-Project\Advanced-Game-Technologies-David\CSC8503\CSC8503Common\CollisionDetection.h(44,1): warning C4293: '<<': shift count negative or too big, undefined behavior
C:\Users\Chris\Documents\Projects\Group-Project\Advanced-Game-Technologies-David\CSC8503\CSC8503Common\CollisionDetection.h(45,1): warning C4293: '<<': shift count negative or too big, undefined behavior
C:\Users\Chris\Documents\Projects\Group-Project\Advanced-Game-Technologies-David\CSC8503\GameTech\TutorialGame.h(52,23): warning C4018: '<': signed/unsigned mismatch
C:\Users\Chris\Documents\Projects\Group-Project\Advanced-Game-Technologies-David\Plugins\VulkanRendering\VulkanRenderer.h(27,10): fatal error C1083: Cannot open include file: 'vulkan/vulkan.hpp': No such file or directory
  StateGameObject.cpp
  TutorialGame.cpp
C:\Users\Chris\Documents\Projects\Group-Project\Advanced-Game-Technologies-David\CSC8503\CSC8503Common\CollisionDetection.h(44,1): warning C4293: '<<': shift count negative or too big, undefined behavior
C:\Users\Chris\Documents\Projects\Group-Project\Advanced-Game-Technologies-David\CSC8503\CSC8503Common\CollisionDetection.h(45,1): warning C4293: '<<': shift count negative or too big, undefined behavior
C:\Users\Chris\Documents\Projects\Group-Project\Advanced-Game-Technologies-David\CSC8503\GameTech\TutorialGame.h(52,23): warning C4018: '<': signed/unsigned mismatch
C:\Users\Chris\Documents\Projects\Group-Project\Advanced-Game-Technologies-David\CSC8503\GameTech\TutorialGame.cpp(116,22): warning C4018: '<': signed/unsigned mismatch
C:\Users\Chris\Documents\Projects\Group-Project\Advanced-Game-Technologies-David\CSC8503\GameTech\TutorialGame.cpp(135,22): warning C4018: '<': signed/unsigned mismatch
C:\Users\Chris\Documents\Projects\Group-Project\Advanced-Game-Technologies-David\CSC8503\GameTech\TutorialGame.cpp(145,21): warning C4018: '<': signed/unsigned mismatch
C:\Users\Chris\Documents\Projects\Group-Project\Advanced-Game-Technologies-David\CSC8503\GameTech\TutorialGame.cpp(152,21): warning C4018: '<': signed/unsigned mismatch
C:\Users\Chris\Documents\Projects\Group-Project\Advanced-Game-Technologies-David\CSC8503\GameTech\TutorialGame.cpp(168,22): warning C4018: '<': signed/unsigned mismatch
C:\Users\Chris\Documents\Projects\Group-Project\Advanced-Game-Technologies-David\CSC8503\GameTech\TutorialGame.cpp(179,21): warning C4018: '<': signed/unsigned mismatch
C:\Users\Chris\Documents\Projects\Group-Project\Advanced-Game-Technologies-David\CSC8503\GameTech\TutorialGame.cpp(228,87): warning C4305: 'argument': truncation from 'double' to 'float'
C:\Users\Chris\Documents\Projects\Group-Project\Advanced-Game-Technologies-David\CSC8503\GameTech\TutorialGame.cpp(231,86): warning C4305: 'argument': truncation from 'double' to 'float'
C:\Users\Chris\Documents\Projects\Group-Project\Advanced-Game-Technologies-David\CSC8503\GameTech\TutorialGame.cpp(234,87): warning C4305: 'argument': truncation from 'double' to 'float'
C:\Users\Chris\Documents\Projects\Group-Project\Advanced-Game-Technologies-David\CSC8503\GameTech\TutorialGame.cpp(237,86): warning C4305: 'argument': truncation from 'double' to 'float'
C:\Users\Chris\Documents\Projects\Group-Project\Advanced-Game-Technologies-David\CSC8503\GameTech\TutorialGame.cpp(298,21): warning C4018: '<=': signed/unsigned mismatch
C:\Users\Chris\Documents\Projects\Group-Project\Advanced-Game-Technologies-David\CSC8503\GameTech\TutorialGame.cpp(605,52): warning C4244: 'argument': conversion from 'float' to 'int', possible loss of data
C:\Users\Chris\Documents\Projects\Group-Project\Advanced-Game-Technologies-David\CSC8503\GameTech\TutorialGame.cpp(668,93): warning C4305: 'argument': truncation from 'double' to 'float'
C:\Users\Chris\Documents\Projects\Group-Project\Advanced-Game-Technologies-David\CSC8503\GameTech\TutorialGame.cpp(669,99): warning C4305: 'argument': truncation from 'double' to 'float'
C:\Users\Chris\Documents\Projects\Group-Project\Advanced-Game-Technologies-David\CSC8503\GameTech\TutorialGame.cpp(670,99): warning C4305: 'argument': truncation from 'double' to 'float'
C:\Users\Chris\Documents\Projects\Group-Project\Advanced-Game-Technologies-David\CSC8503\GameTech\TutorialGame.cpp(674,25): warning C4244: 'argument': conversion from 'int' to 'float', possible loss of data
C:\Users\Chris\Documents\Projects\Group-Project\Advanced-Game-Technologies-David\CSC8503\GameTech\TutorialGame.cpp(693,95): warning C4305: 'argument': truncation from 'double' to 'float'
C:\Users\Chris\Documents\Projects\Group-Project\Advanced-Game-Technologies-David\CSC8503\GameTech\TutorialGame.cpp(697,95): warning C4305: 'argument': truncation from 'double' to 'float'
C:\Users\Chris\Documents\Projects\Group-Project\Advanced-Game-Technologies-David\CSC8503\GameTech\TutorialGame.cpp(699,98): warning C4305: 'argument': truncation from 'double' to 'float'
C:\Users\Chris\Documents\Projects\Group-Project\Advanced-Game-Technologies-David\CSC8503\GameTech\TutorialGame.cpp(700,98): warning C4305: 'argument': truncation from 'double' to 'float'
C:\Users\Chris\Documents\Projects\Group-Project\Advanced-Game-Technologies-David\CSC8503\GameTech\TutorialGame.cpp(702,94): warning C4305: 'argument': truncation from 'double' to 'float'
C:\Users\Chris\Documents\Projects\Group-Project\Advanced-Game-Technologies-David\CSC8503\GameTech\TutorialGame.cpp(712,96): warning C4305: 'argument': truncation from 'double' to 'float'
C:\Users\Chris\Documents\Projects\Group-Project\Advanced-Game-Technologies-David\CSC8503\GameTech\TutorialGame.cpp(716,96): warning C4305: 'argument': truncation from 'double' to 'float'
C:\Users\Chris\Documents\Projects\Group-Project\Advanced-Game-Technologies-David\CSC8503\GameTech\TutorialGame.cpp(720,96): warning C4305: 'argument': truncation from 'double' to 'float'
C:\Users\Chris\Documents\Projects\Group-Project\Advanced-Game-Technologies-David\CSC8503\GameTech\TutorialGame.cpp(721,99): warning C4305: 'argument': truncation from 'double' to 'float'
C:\Users\Chris\Documents\Projects\Group-Project\Advanced-Game-Technologies-David\CSC8503\GameTech\TutorialGame.cpp(722,96): warning C4305: 'argument': truncation from 'double' to 'float'
C:\Users\Chris\Documents\Projects\Group-Project\Advanced-Game-Technologies-David\CSC8503\GameTech\TutorialGame.cpp(735,97): warning C4305: 'argument': truncation from 'double' to 'float'
C:\Users\Chris\Documents\Projects\Group-Project\Advanced-Game-Technologies-David\CSC8503\GameTech\TutorialGame.cpp(737,50): warning C4305: 'argument': truncation from 'double' to 'float'
C:\Users\Chris\Documents\Projects\Group-Project\Advanced-Game-Technologies-David\CSC8503\GameTech\TutorialGame.cpp(771,100): warning C4305: 'argument': truncation from 'double' to 'float'
C:\Users\Chris\Documents\Projects\Group-Project\Advanced-Game-Technologies-David\CSC8503\GameTech\TutorialGame.cpp(775,93): warning C4305: 'argument': truncation from 'double' to 'float'
C:\Users\Chris\Documents\Projects\Group-Project\Advanced-Game-Technologies-David\CSC8503\GameTech\TutorialGame.cpp(961,19): warning C4244: 'initializing': conversion from 'float' to 'int', possible loss of data
C:\Users\Chris\Documents\Projects\Group-Project\Advanced-Game-Technologies-David\CSC8503\GameTech\TutorialGame.cpp(962,19): warning C4244: 'initializing': conversion from 'float' to 'int', possible loss of data
C:\Users\Chris\Documents\Projects\Group-Project\Advanced-Game-Technologies-David\CSC8503\GameTech\TutorialGame.cpp(963,19): warning C4244: 'initializing': conversion from 'float' to 'int', possible loss of data
  Generating Code...
