  CollisionDetection.cpp
C:\Users\Chris\Documents\Projects\Group-Project\Advanced-Game-Technologies-David\CSC8503\CSC8503Common\CollisionDetection.h(44,1): warning C4293: '<<': shift count negative or too big, undefined behavior
C:\Users\Chris\Documents\Projects\Group-Project\Advanced-Game-Technologies-David\CSC8503\CSC8503Common\CollisionDetection.h(45,1): warning C4293: '<<': shift count negative or too big, undefined behavior
  Debug.cpp
C:\Users\Chris\Documents\Projects\Group-Project\Advanced-Game-Technologies-David\CSC8503\CSC8503Common\Debug.cpp(67,20): warning C4018: '<': signed/unsigned mismatch
C:\Users\Chris\Documents\Projects\Group-Project\Advanced-Game-Technologies-David\CSC8503\CSC8503Common\Debug.cpp(78,16): warning C4018: '>=': signed/unsigned mismatch
  GameObject.cpp
C:\Users\Chris\Documents\Projects\Group-Project\Advanced-Game-Technologies-David\CSC8503\CSC8503Common\CollisionDetection.h(44,1): warning C4293: '<<': shift count negative or too big, undefined behavior
C:\Users\Chris\Documents\Projects\Group-Project\Advanced-Game-Technologies-David\CSC8503\CSC8503Common\CollisionDetection.h(45,1): warning C4293: '<<': shift count negative or too big, undefined behavior
  GameWorld.cpp
C:\Users\Chris\Documents\Projects\Group-Project\Advanced-Game-Technologies-David\CSC8503\CSC8503Common\CollisionDetection.h(44,1): warning C4293: '<<': shift count negative or too big, undefined behavior
C:\Users\Chris\Documents\Projects\Group-Project\Advanced-Game-Technologies-David\CSC8503\CSC8503Common\CollisionDetection.h(45,1): warning C4293: '<<': shift count negative or too big, undefined behavior
  NavigationGrid.cpp
  NavigationMesh.cpp
  PhysicsObject.cpp
C:\Users\Chris\Documents\Projects\Group-Project\Advanced-Game-Technologies-David\CSC8503\CSC8503Common\CollisionDetection.h(44,1): warning C4293: '<<': shift count negative or too big, undefined behavior
C:\Users\Chris\Documents\Projects\Group-Project\Advanced-Game-Technologies-David\CSC8503\CSC8503Common\CollisionDetection.h(45,1): warning C4293: '<<': shift count negative or too big, undefined behavior
C:\Users\Chris\Documents\Projects\Group-Project\Advanced-Game-Technologies-David\CSC8503\CSC8503Common\PhysicsObject.cpp(71,8): warning C4101: 'j': unreferenced local variable
  PhysicsSystem.cpp
C:\Users\Chris\Documents\Projects\Group-Project\Advanced-Game-Technologies-David\CSC8503\CSC8503Common\CollisionDetection.h(44,1): warning C4293: '<<': shift count negative or too big, undefined behavior
C:\Users\Chris\Documents\Projects\Group-Project\Advanced-Game-Technologies-David\CSC8503\CSC8503Common\CollisionDetection.h(45,1): warning C4293: '<<': shift count negative or too big, undefined behavior
  PositionConstraint.cpp
C:\Users\Chris\Documents\Projects\Group-Project\Advanced-Game-Technologies-David\CSC8503\CSC8503Common\CollisionDetection.h(44,1): warning C4293: '<<': shift count negative or too big, undefined behavior
C:\Users\Chris\Documents\Projects\Group-Project\Advanced-Game-Technologies-David\CSC8503\CSC8503Common\CollisionDetection.h(45,1): warning C4293: '<<': shift count negative or too big, undefined behavior
  PushdownMachine.cpp
  PushdownState.cpp
  QuadTree.cpp
C:\Users\Chris\Documents\Projects\Group-Project\Advanced-Game-Technologies-David\CSC8503\CSC8503Common\CollisionDetection.h(44,1): warning C4293: '<<': shift count negative or too big, undefined behavior
C:\Users\Chris\Documents\Projects\Group-Project\Advanced-Game-Technologies-David\CSC8503\CSC8503Common\CollisionDetection.h(45,1): warning C4293: '<<': shift count negative or too big, undefined behavior
  RenderObject.cpp
  SpringConstraint.cpp
C:\Users\Chris\Documents\Projects\Group-Project\Advanced-Game-Technologies-David\CSC8503\CSC8503Common\CollisionDetection.h(44,1): warning C4293: '<<': shift count negative or too big, undefined behavior
C:\Users\Chris\Documents\Projects\Group-Project\Advanced-Game-Technologies-David\CSC8503\CSC8503Common\CollisionDetection.h(45,1): warning C4293: '<<': shift count negative or too big, undefined behavior
  StateMachine.cpp
  StateTransition.cpp
  Transform.cpp
  Generating Code...
  CSC8503Common.vcxproj -> C:\Users\Chris\Documents\Projects\Group-Project\Advanced-Game-Technologies-David\Win32\Debug\CSC8503Common.lib
